# JRE version: OpenJDK Runtime Environment Temurin-21.0.10+7 (21.0.10+7) (build 21.0.10+7-LTS)
# Java VM: OpenJDK 64-Bit Server VM Temurin-21.0.10+7 (21.0.10+7-LTS, mixed mode, sharing, tiered, compressed oops, compressed class ptrs, parallel gc, windows-amd64)
GC Precious Log:
 CardTable entry size: 512
 CPUs: 12 total, 12 available
 Memory: 16071M
 Large Page Support: Disabled
 NUMA Support: Disabled
 Compressed Oops: Enabled (32-bit)
 Alignments: Space 512K, Generation 512K, Heap 2M
 Heap Min Capacity: 100M
 Heap Initial Capacity: 100M
 Heap Max Capacity: 2G
 Pre-touch: Disabled
 Parallel Workers: 10
Heap:
 PSYoungGen      total 15872K, used 14412K [0x00000000d5580000, 0x00000000d6600000, 0x0000000100000000)
  eden space 14848K, 93% used [0x00000000d5580000,0x00000000d630b208,0x00000000d6400000)
  from space 1024K, 53% used [0x00000000d6480000,0x00000000d6508000,0x00000000d6580000)
  to   space 512K, 0% used [0x00000000d6580000,0x00000000d6580000,0x00000000d6600000)
 ParOldGen       total 68608K, used 53018K [0x0000000080000000, 0x0000000084300000, 0x00000000d5580000)
  object space 68608K, 77% used [0x0000000080000000,0x00000000833c6810,0x0000000084300000)
 Metaspace       used 63072K, committed 64512K, reserved 1114112K
  class space    used 7565K, committed 8192K, reserved 1048576K
GC Heap History (20 events):
Event: 24.414 GC heap before
{Heap before GC invocations=35 (full 2):
 PSYoungGen      total 16896K, used 16689K [0x00000000d5580000, 0x00000000d6a80000, 0x0000000100000000)
  eden space 14848K, 100% used [0x00000000d5580000,0x00000000d6400000,0x00000000d6400000)
  from space 2048K, 89% used [0x00000000d6880000,0x00000000d6a4c400,0x00000000d6a80000)
  to   space 2048K, 0% used [0x00000000d6680000,0x00000000d6680000,0x00000000d6880000)
 ParOldGen       total 68608K, used 46146K [0x0000000080000000, 0x0000000084300000, 0x00000000d5580000)
  object space 68608K, 67% used [0x0000000080000000,0x0000000082d10838,0x0000000084300000)
 Metaspace       used 57409K, committed 58752K, reserved 1114112K
  class space    used 6793K, committed 7360K, reserved 1048576K
}
Event: 24.418 GC heap after
{Heap after GC invocations=35 (full 2):
 PSYoungGen      total 16896K, used 1824K [0x00000000d5580000, 0x00000000d6900000, 0x0000000100000000)
  eden space 14848K, 0% used [0x00000000d5580000,0x00000000d5580000,0x00000000d6400000)
  from space 2048K, 89% used [0x00000000d6680000,0x00000000d6848010,0x00000000d6880000)
  to   space 512K, 0% used [0x00000000d6880000,0x00000000d6880000,0x00000000d6900000)
 ParOldGen       total 68608K, used 47844K [0x0000000080000000, 0x0000000084300000, 0x00000000d5580000)
  object space 68608K, 69% used [0x0000000080000000,0x0000000082eb93d8,0x0000000084300000)
 Metaspace       used 57409K, committed 58752K, reserved 1114112K
  class space    used 6793K, committed 7360K, reserved 1048576K
}
Event: 24.598 GC heap before
{Heap before GC invocations=36 (full 2):
 PSYoungGen      total 16896K, used 16672K [0x00000000d5580000, 0x00000000d6900000, 0x0000000100000000)
  eden space 14848K, 100% used [0x00000000d5580000,0x00000000d6400000,0x00000000d6400000)
  from space 2048K, 89% used [0x00000000d6680000,0x00000000d6848010,0x00000000d6880000)
  to   space 512K, 0% used [0x00000000d6880000,0x00000000d6880000,0x00000000d6900000)
 ParOldGen       total 68608K, used 47844K [0x0000000080000000, 0x0000000084300000, 0x00000000d5580000)
  object space 68608K, 69% used [0x0000000080000000,0x0000000082eb93d8,0x0000000084300000)
 Metaspace       used 57434K, committed 58816K, reserved 1114112K
  class space    used 6793K, committed 7360K, reserved 1048576K
}
Event: 24.601 GC heap after
{Heap after GC invocations=36 (full 2):
 PSYoungGen      total 15360K, used 512K [0x00000000d5580000, 0x00000000d6c00000, 0x0000000100000000)
  eden space 14848K, 0% used [0x00000000d5580000,0x00000000d5580000,0x00000000d6400000)
  from space 512K, 100% used [0x00000000d6880000,0x00000000d6900000,0x00000000d6900000)
  to   space 4096K, 0% used [0x00000000d6400000,0x00000000d6400000,0x00000000d6800000)
 ParOldGen       total 68608K, used 50709K [0x0000000080000000, 0x0000000084300000, 0x00000000d5580000)
  object space 68608K, 73% used [0x0000000080000000,0x0000000083185468,0x0000000084300000)
 Metaspace       used 57434K, committed 58816K, reserved 1114112K
  class space    used 6793K, committed 7360K, reserved 1048576K
}
Event: 24.652 GC heap before
{Heap before GC invocations=37 (full 2):
 PSYoungGen      total 15360K, used 15360K [0x00000000d5580000, 0x00000000d6c00000, 0x0000000100000000)
  eden space 14848K, 100% used [0x00000000d5580000,0x00000000d6400000,0x00000000d6400000)
  from space 512K, 100% used [0x00000000d6880000,0x00000000d6900000,0x00000000d6900000)
  to   space 4096K, 0% used [0x00000000d6400000,0x00000000d6400000,0x00000000d6800000)
 ParOldGen       total 68608K, used 50709K [0x0000000080000000, 0x0000000084300000, 0x00000000d5580000)
  object space 68608K, 73% used [0x0000000080000000,0x0000000083185468,0x0000000084300000)
 Metaspace       used 57442K, committed 58816K, reserved 1114112K
  class space    used 6793K, committed 7360K, reserved 1048576K
}
Event: 24.655 GC heap after
{Heap after GC invocations=37 (full 2):
 PSYoungGen      total 16896K, used 1860K [0x00000000d5580000, 0x00000000d6900000, 0x0000000100000000)
  eden space 14848K, 0% used [0x00000000d5580000,0x00000000d5580000,0x00000000d6400000)
  from space 2048K, 90% used [0x00000000d6400000,0x00000000d65d1000,0x00000000d6600000)
  to   space 2560K, 0% used [0x00000000d6680000,0x00000000d6680000,0x00000000d6900000)
 ParOldGen       total 68608K, used 51267K [0x0000000080000000, 0x0000000084300000, 0x00000000d5580000)
  object space 68608K, 74% used [0x0000000080000000,0x0000000083210e18,0x0000000084300000)
 Metaspace       used 57442K, committed 58816K, reserved 1114112K
  class space    used 6793K, committed 7360K, reserved 1048576K
}
Event: 24.756 GC heap before
{Heap before GC invocations=38 (full 2):
 PSYoungGen      total 16896K, used 16708K [0x00000000d5580000, 0x00000000d6900000, 0x0000000100000000)
  eden space 14848K, 100% used [0x00000000d5580000,0x00000000d6400000,0x00000000d6400000)
  from space 2048K, 90% used [0x00000000d6400000,0x00000000d65d1000,0x00000000d6600000)
  to   space 2560K, 0% used [0x00000000d6680000,0x00000000d6680000,0x00000000d6900000)
 ParOldGen       total 68608K, used 51267K [0x0000000080000000, 0x0000000084300000, 0x00000000d5580000)
  object space 68608K, 74% used [0x0000000080000000,0x0000000083210e18,0x0000000084300000)
 Metaspace       used 57459K, committed 58816K, reserved 1114112K
  class space    used 6794K, committed 7360K, reserved 1048576K
}
Event: 24.759 GC heap after
{Heap after GC invocations=38 (full 2):
 PSYoungGen      total 16896K, used 1792K [0x00000000d5580000, 0x00000000d6880000, 0x0000000100000000)
  eden space 14848K, 0% used [0x00000000d5580000,0x00000000d5580000,0x00000000d6400000)
  from space 2048K, 87% used [0x00000000d6680000,0x00000000d6840010,0x00000000d6880000)
  to   space 2048K, 0% used [0x00000000d6400000,0x00000000d6400000,0x00000000d6600000)
 ParOldGen       total 68608K, used 52971K [0x0000000080000000, 0x0000000084300000, 0x00000000d5580000)
  object space 68608K, 77% used [0x0000000080000000,0x00000000833baf18,0x0000000084300000)
 Metaspace       used 57459K, committed 58816K, reserved 1114112K
  class space    used 6794K, committed 7360K, reserved 1048576K
}
Event: 24.844 GC heap before
{Heap before GC invocations=39 (full 2):
 PSYoungGen      total 16896K, used 16640K [0x00000000d5580000, 0x00000000d6880000, 0x0000000100000000)
  eden space 14848K, 100% used [0x00000000d5580000,0x00000000d6400000,0x00000000d6400000)
  from space 2048K, 87% used [0x00000000d6680000,0x00000000d6840010,0x00000000d6880000)
  to   space 2048K, 0% used [0x00000000d6400000,0x00000000d6400000,0x00000000d6600000)
 ParOldGen       total 68608K, used 52971K [0x0000000080000000, 0x0000000084300000, 0x00000000d5580000)
  object space 68608K, 77% used [0x0000000080000000,0x00000000833baf18,0x0000000084300000)
 Metaspace       used 57481K, committed 58816K, reserved 1114112K
  class space    used 6794K, committed 7360K, reserved 1048576K
}
Event: 24.848 GC heap after
{Heap after GC invocations=39 (full 2):
 PSYoungGen      total 16896K, used 1592K [0x00000000d5580000, 0x00000000d6800000, 0x0000000100000000)
  eden space 14848K, 0% used [0x00000000d5580000,0x00000000d5580000,0x00000000d6400000)
  from space 2048K, 77% used [0x00000000d6400000,0x00000000d658e200,0x00000000d6600000)
  to   space 2048K, 0% used [0x00000000d6600000,0x00000000d6600000,0x00000000d6800000)
 ParOldGen       total 68608K, used 54683K [0x0000000080000000, 0x0000000084300000, 0x00000000d5580000)
  object space 68608K, 79% used [0x0000000080000000,0x0000000083566f28,0x0000000084300000)
 Metaspace       used 57481K, committed 58816K, reserved 1114112K
  class space    used 6794K, committed 7360K, reserved 1048576K
}
Event: 24.997 GC heap before
{Heap before GC invocations=40 (full 2):
 PSYoungGen      total 16896K, used 16440K [0x00000000d5580000, 0x00000000d6800000, 0x0000000100000000)
  eden space 14848K, 100% used [0x00000000d5580000,0x00000000d6400000,0x00000000d6400000)
  from space 2048K, 77% used [0x00000000d6400000,0x00000000d658e200,0x00000000d6600000)
  to   space 2048K, 0% used [0x00000000d6600000,0x00000000d6600000,0x00000000d6800000)
 ParOldGen       total 68608K, used 54683K [0x0000000080000000, 0x0000000084300000, 0x00000000d5580000)
  object space 68608K, 79% used [0x0000000080000000,0x0000000083566f28,0x0000000084300000)
 Metaspace       used 57816K, committed 59200K, reserved 1114112K
  class space    used 6829K, committed 7360K, reserved 1048576K
}
Event: 25.000 GC heap after
{Heap after GC invocations=40 (full 2):
 PSYoungGen      total 16384K, used 1440K [0x00000000d5580000, 0x00000000d6780000, 0x0000000100000000)
  eden space 14848K, 0% used [0x00000000d5580000,0x00000000d5580000,0x00000000d6400000)
  from space 1536K, 93% used [0x00000000d6600000,0x00000000d6768020,0x00000000d6780000)
  to   space 1536K, 0% used [0x00000000d6480000,0x00000000d6480000,0x00000000d6600000)
 ParOldGen       total 68608K, used 56148K [0x0000000080000000, 0x0000000084300000, 0x00000000d5580000)
  object space 68608K, 81% used [0x0000000080000000,0x00000000836d5128,0x0000000084300000)
 Metaspace       used 57816K, committed 59200K, reserved 1114112K
  class space    used 6829K, committed 7360K, reserved 1048576K
}
Event: 25.179 GC heap before
{Heap before GC invocations=41 (full 2):
 PSYoungGen      total 16384K, used 6549K [0x00000000d5580000, 0x00000000d6780000, 0x0000000100000000)
  eden space 14848K, 34% used [0x00000000d5580000,0x00000000d5a7d738,0x00000000d6400000)
  from space 1536K, 93% used [0x00000000d6600000,0x00000000d6768020,0x00000000d6780000)
  to   space 1536K, 0% used [0x00000000d6480000,0x00000000d6480000,0x00000000d6600000)
 ParOldGen       total 68608K, used 56148K [0x0000000080000000, 0x0000000084300000, 0x00000000d5580000)
  object space 68608K, 81% used [0x0000000080000000,0x00000000836d5128,0x0000000084300000)
 Metaspace       used 58474K, committed 59776K, reserved 1114112K
  class space    used 6907K, committed 7488K, reserved 1048576K
}
Event: 25.181 GC heap after
{Heap after GC invocations=41 (full 2):
 PSYoungGen      total 15360K, used 421K [0x00000000d5580000, 0x00000000d6680000, 0x0000000100000000)
  eden space 14848K, 0% used [0x00000000d5580000,0x00000000d5580000,0x00000000d6400000)
  from space 512K, 82% used [0x00000000d6480000,0x00000000d64e9770,0x00000000d6500000)
  to   space 1024K, 0% used [0x00000000d6580000,0x00000000d6580000,0x00000000d6680000)
 ParOldGen       total 68608K, used 57450K [0x0000000080000000, 0x0000000084300000, 0x00000000d5580000)
  object space 68608K, 83% used [0x0000000080000000,0x000000008381aba8,0x0000000084300000)
 Metaspace       used 58474K, committed 59776K, reserved 1114112K
  class space    used 6907K, committed 7488K, reserved 1048576K
}
Event: 25.181 GC heap before
{Heap before GC invocations=42 (full 3):
 PSYoungGen      total 15360K, used 421K [0x00000000d5580000, 0x00000000d6680000, 0x0000000100000000)
  eden space 14848K, 0% used [0x00000000d5580000,0x00000000d5580000,0x00000000d6400000)
  from space 512K, 82% used [0x00000000d6480000,0x00000000d64e9770,0x00000000d6500000)
  to   space 1024K, 0% used [0x00000000d6580000,0x00000000d6580000,0x00000000d6680000)
 ParOldGen       total 68608K, used 57450K [0x0000000080000000, 0x0000000084300000, 0x00000000d5580000)
  object space 68608K, 83% used [0x0000000080000000,0x000000008381aba8,0x0000000084300000)
 Metaspace       used 58474K, committed 59776K, reserved 1114112K
  class space    used 6907K, committed 7488K, reserved 1048576K
}
Event: 25.260 GC heap after
{Heap after GC invocations=42 (full 3):
 PSYoungGen      total 15360K, used 0K [0x00000000d5580000, 0x00000000d6680000, 0x0000000100000000)
  eden space 14848K, 0% used [0x00000000d5580000,0x00000000d5580000,0x00000000d6400000)
  from space 512K, 0% used [0x00000000d6480000,0x00000000d6480000,0x00000000d6500000)
  to   space 1024K, 0% used [0x00000000d6580000,0x00000000d6580000,0x00000000d6680000)
 ParOldGen       total 68608K, used 52344K [0x0000000080000000, 0x0000000084300000, 0x00000000d5580000)
  object space 68608K, 76% used [0x0000000080000000,0x000000008331e228,0x0000000084300000)
 Metaspace       used 58474K, committed 59776K, reserved 1114112K
  class space    used 6907K, committed 7488K, reserved 1048576K
}
Event: 25.661 GC heap before
{Heap before GC invocations=43 (full 3):
 PSYoungGen      total 15360K, used 14848K [0x00000000d5580000, 0x00000000d6680000, 0x0000000100000000)
  eden space 14848K, 100% used [0x00000000d5580000,0x00000000d6400000,0x00000000d6400000)
  from space 512K, 0% used [0x00000000d6480000,0x00000000d6480000,0x00000000d6500000)
  to   space 1024K, 0% used [0x00000000d6580000,0x00000000d6580000,0x00000000d6680000)
 ParOldGen       total 68608K, used 52344K [0x0000000080000000, 0x0000000084300000, 0x00000000d5580000)
  object space 68608K, 76% used [0x0000000080000000,0x000000008331e228,0x0000000084300000)
 Metaspace       used 60235K, committed 61696K, reserved 1114112K
  class space    used 7181K, committed 7808K, reserved 1048576K
}
Event: 25.663 GC heap after
{Heap after GC invocations=43 (full 3):
 PSYoungGen      total 15872K, used 864K [0x00000000d5580000, 0x00000000d6680000, 0x0000000100000000)
  eden space 14848K, 0% used [0x00000000d5580000,0x00000000d5580000,0x00000000d6400000)
  from space 1024K, 84% used [0x00000000d6580000,0x00000000d6658010,0x00000000d6680000)
  to   space 1024K, 0% used [0x00000000d6480000,0x00000000d6480000,0x00000000d6580000)
 ParOldGen       total 68608K, used 52344K [0x0000000080000000, 0x0000000084300000, 0x00000000d5580000)
  object space 68608K, 76% used [0x0000000080000000,0x000000008331e228,0x0000000084300000)
 Metaspace       used 60235K, committed 61696K, reserved 1114112K
  class space    used 7181K, committed 7808K, reserved 1048576K
}
Event: 26.129 GC heap before
{Heap before GC invocations=44 (full 3):
 PSYoungGen      total 15872K, used 15712K [0x00000000d5580000, 0x00000000d6680000, 0x0000000100000000)
  eden space 14848K, 100% used [0x00000000d5580000,0x00000000d6400000,0x00000000d6400000)
  from space 1024K, 84% used [0x00000000d6580000,0x00000000d6658010,0x00000000d6680000)
  to   space 1024K, 0% used [0x00000000d6480000,0x00000000d6480000,0x00000000d6580000)
 ParOldGen       total 68608K, used 52344K [0x0000000080000000, 0x0000000084300000, 0x00000000d5580000)
  object space 68608K, 76% used [0x0000000080000000,0x000000008331e228,0x0000000084300000)
 Metaspace       used 62083K, committed 63424K, reserved 1114112K
  class space    used 7437K, committed 8000K, reserved 1048576K
}
Event: 26.131 GC heap after
{Heap after GC invocations=44 (full 3):
 PSYoungGen      total 15872K, used 544K [0x00000000d5580000, 0x00000000d6600000, 0x0000000100000000)
  eden space 14848K, 0% used [0x00000000d5580000,0x00000000d5580000,0x00000000d6400000)
  from space 1024K, 53% used [0x00000000d6480000,0x00000000d6508000,0x00000000d6580000)
  to   space 512K, 0% used [0x00000000d6580000,0x00000000d6580000,0x00000000d6600000)
 ParOldGen       total 68608K, used 53018K [0x0000000080000000, 0x0000000084300000, 0x00000000d5580000)
  object space 68608K, 77% used [0x0000000080000000,0x00000000833c6810,0x0000000084300000)
 Metaspace       used 62083K, committed 63424K, reserved 1114112K
  class space    used 7437K, committed 8000K, reserved 1048576K
}

