<?xml version="1.0" encoding="UTF-8"?>
<testsuite name="com.example.swayogemployeeapp.SyncUnitTest" tests="6" skipped="0" failures="0" errors="0" timestamp="2026-07-04T08:10:16.747Z" hostname="LAPTOP-MAUNMJFG" time="0.065">
  <properties/>
  <testcase name="testAttendanceCheckInRequestSerialization" classname="com.example.swayogemployeeapp.SyncUnitTest" time="0.051"/>
  <testcase name="testWorkSubmissionRequestSerialization" classname="com.example.swayogemployeeapp.SyncUnitTest" time="0.002"/>
  <testcase name="testTaskCompletePayloadSplitting" classname="com.example.swayogemployeeapp.SyncUnitTest" time="0.008"/>
  <testcase name="testAttendanceCheckOutRequestSerialization" classname="com.example.swayogemployeeapp.SyncUnitTest" time="0.002"/>
  <testcase name="testDesignPayloadSplitting" classname="com.example.swayogemployeeapp.SyncUnitTest" time="0.0"/>
  <testcase name="testSurveyPayloadSplitting" classname="com.example.swayogemployeeapp.SyncUnitTest" time="0.0"/>
  <system-out><![CDATA[]]></system-out>
  <system-err><![CDATA[]]></system-err>
</testsuite>
